c:\users\dad\repositories\windows\getoptlib2\x64\debug\getoptlib2.pdb
c:\users\dad\repositories\windows\getoptlib2\x64\debug\getoptlib2.idb
c:\users\dad\repositories\windows\getoptlib2\x64\debug\strcasecmp.obj
c:\users\dad\repositories\windows\getoptlib2\x64\debug\real_pexit.obj
c:\users\dad\repositories\windows\getoptlib2\x64\debug\real_error.obj
c:\users\dad\repositories\windows\getoptlib2\x64\debug\posix_memalign.obj
c:\users\dad\repositories\windows\getoptlib2\x64\debug\opt_process_param.obj
c:\users\dad\repositories\windows\getoptlib2\x64\debug\opt_process_one.obj
c:\users\dad\repositories\windows\getoptlib2\x64\debug\opt_process.obj
c:\users\dad\repositories\windows\getoptlib2\x64\debug\opt_find.obj
c:\users\dad\repositories\windows\getoptlib2\x64\debug\opt_check_one.obj
c:\users\dad\repositories\windows\getoptlib2\x64\debug\opt_check.obj
c:\users\dad\repositories\windows\getoptlib2\x64\debug\memory.obj
c:\users\dad\repositories\windows\getoptlib2\x64\debug\list.obj
c:\users\dad\repositories\windows\getoptlib2\x64\debug\getopt.obj
c:\users\dad\repositories\windows\getoptlib2\x64\debug\getoptlib2.lib
c:\users\dad\repositories\windows\getoptlib2\x64\debug\getoptlib2.tlog\cl.command.1.tlog
c:\users\dad\repositories\windows\getoptlib2\x64\debug\getoptlib2.tlog\cl.read.1.tlog
c:\users\dad\repositories\windows\getoptlib2\x64\debug\getoptlib2.tlog\cl.write.1.tlog
c:\users\dad\repositories\windows\getoptlib2\x64\debug\getoptlib2.tlog\lib-link.read.1.tlog
c:\users\dad\repositories\windows\getoptlib2\x64\debug\getoptlib2.tlog\lib-link.write.1.tlog
c:\users\dad\repositories\windows\getoptlib2\x64\debug\getoptlib2.tlog\lib.command.1.tlog
